  Color_detection.cpp
C:\Users\woohy\Desktop\hi\hi\DB_head.h(4,10): error C1083: 포함 파일을 열 수 없습니다. 'mysql_driver.h': No such file or directory
  DetectCircles.cpp
C:\Users\woohy\Desktop\hi\hi\DB_head.h(4,10): error C1083: 포함 파일을 열 수 없습니다. 'mysql_driver.h': No such file or directory
  Form1.cpp
C:\Users\woohy\Desktop\hi\hi\DB_head.h(4,10): error C1083: 포함 파일을 열 수 없습니다. 'mysql_driver.h': No such file or directory
  ImageSearch.cpp
  Input_And_Match_Info.cpp
  Matcing_INFO.cpp
C:\Users\woohy\Desktop\hi\hi\DB_head.h(4,10): error C1083: 포함 파일을 열 수 없습니다. 'mysql_driver.h': No such file or directory
  Send_DATA.cpp
C:\Users\woohy\Desktop\hi\hi\DB_head.h(4,10): error C1083: 포함 파일을 열 수 없습니다. 'mysql_driver.h': No such file or directory
  Size.cpp
C:\Users\woohy\Desktop\hi\hi\DB_head.h(4,10): error C1083: 포함 파일을 열 수 없습니다. 'mysql_driver.h': No such file or directory
  .NETFramework,Version=v4.7.2.AssemblyAttributes.cpp
  코드를 생성하고 있습니다...
C:\HONG\HONG\Opencv_Ex\opencv\build\include\opencv2\core\cuda.inl.hpp(113,1): warning C4793: 'cv::cuda::GpuMat::GpuMat': 함수가 네이티브로 컴파일되었습니다.
C:\HONG\HONG\Opencv_Ex\opencv\build\include\opencv2\core\cuda.inl.hpp(113,1): warning C4793: 	관리 코드에서 지원되지 않는 내장 함수가 있습니다.
C:\HONG\HONG\Opencv_Ex\opencv\build\include\opencv2\core\cuda.inl.hpp(511,1): warning C4793: 'cv::cuda::HostMem::HostMem': 함수가 네이티브로 컴파일되었습니다.
C:\HONG\HONG\Opencv_Ex\opencv\build\include\opencv2\core\cuda.inl.hpp(511,1): warning C4793: 	관리 코드에서 지원되지 않는 내장 함수가 있습니다.
