c:\hong\hong\opencv_ex\opencv\realprj\project1\x64\release\vc143.pdb
c:\hong\hong\opencv_ex\opencv\realprj\project1\x64\release\.netframework,version=v4.7.2.assemblyattributes.obj
c:\hong\hong\opencv_ex\opencv\realprj\project1\x64\release\size.obj
c:\hong\hong\opencv_ex\opencv\realprj\project1\x64\release\send_data.obj
c:\hong\hong\opencv_ex\opencv\realprj\project1\x64\release\my_sql.obj
c:\hong\hong\opencv_ex\opencv\realprj\project1\x64\release\matching_info.obj
c:\hong\hong\opencv_ex\opencv\realprj\project1\x64\release\form1.obj
c:\hong\hong\opencv_ex\opencv\realprj\project1\x64\release\detectcircles.obj
c:\hong\hong\opencv_ex\opencv\realprj\project1\x64\release\color_detection.obj
c:\hong\hong\opencv_ex\opencv\realprj\x64\release\project1.exe
c:\hong\hong\opencv_ex\opencv\realprj\x64\release\project1.pdb
c:\hong\hong\opencv_ex\opencv\realprj\project1\x64\release\project1.tlog\cl.command.1.tlog
c:\hong\hong\opencv_ex\opencv\realprj\project1\x64\release\project1.tlog\cl.items.tlog
c:\hong\hong\opencv_ex\opencv\realprj\project1\x64\release\project1.tlog\cl.read.1.tlog
c:\hong\hong\opencv_ex\opencv\realprj\project1\x64\release\project1.tlog\cl.write.1.tlog
c:\hong\hong\opencv_ex\opencv\realprj\project1\x64\release\project1.tlog\link.command.1.tlog
c:\hong\hong\opencv_ex\opencv\realprj\project1\x64\release\project1.tlog\link.read.1.tlog
c:\hong\hong\opencv_ex\opencv\realprj\project1\x64\release\project1.tlog\link.secondary.1.tlog
c:\hong\hong\opencv_ex\opencv\realprj\project1\x64\release\project1.tlog\link.write.1.tlog
c:\hong\hong\opencv_ex\opencv\realprj\project1\x64\release\project1.tlog\metagen.read.1.tlog
c:\hong\hong\opencv_ex\opencv\realprj\project1\x64\release\project1.tlog\metagen.write.1.tlog
